<?xml version="1.0" encoding="UTF-8"?>
<testsuite xmlns:xsi="http://www.w3.org/2001/XMLSchema-instance" xsi:noNamespaceSchemaLocation="https://maven.apache.org/surefire/maven-surefire-plugin/xsd/surefire-test-report-3.0.xsd" version="3.0" name="TestSuite" time="4.756" tests="6" errors="0" skipped="0" failures="0">
  <properties>
[...]
</properties>
  <testcase name="test_02" classname="rest.assured.Rest_Assured_Get_Method" time="2.014">
    <system-out><![CDATA[HTTP/1.1 200 OK
Date: Fri, 10 Mar 2023 12:01:33 GMT
Content-Type: application/json; charset=utf-8
Transfer-Encoding: chunked
Connection: keep-alive
X-Powered-By: Express
Access-Control-Allow-Origin: *
Etag: W/"406-ut0vzoCuidvyMf8arZpMpJ6ZRDw"
Via: 1.1 vegur
Cache-Control: max-age=14400
CF-Cache-Status: HIT
Age: 5816
Report-To: {"endpoints":[{"url":"https:\/\/a.nel.cloudflare.com\/report\/v3?s=bdu0H9Zqf1G3WHr1jQgYyJ9%2FxytJmaCCQUsv%2FCvvsNCfQw8lC9vjz7de5OHFlmJQyAu1nLncTZNBpAHoa6QqkOAdUIFU0ysQKTzaxPscI5IOGgGr1aDbwxkEOA%3D%3D"}],"group":"cf-nel","max_age":604800}
NEL: {"success_fraction":0,"report_to":"cf-nel","max_age":604800}
Vary: Accept-Encoding
Server: cloudflare
CF-RAY: 7a5b675ae97529ed-BOM
Content-Encoding: gzip

{
    "page": 2,
    "per_page": 6,
    "total": 12,
    "total_pages": 2,
    "data": [
        {
            "id": 7,
            "email": "michael.lawson@reqres.in",
            "first_name": "Michael",
            "last_name": "Lawson",
            "avatar": "https://reqres.in/img/faces/7-image.jpg"
        },
        {
            "id": 8,
            "email": "lindsay.ferguson@reqres.in",
            "first_name": "Lindsay",
            "last_name": "Ferguson",
            "avatar": "https://reqres.in/img/faces/8-image.jpg"
        },
        {
            "id": 9,
            "email": "tobias.funke@reqres.in",
            "first_name": "Tobias",
            "last_name": "Funke",
            "avatar": "https://reqres.in/img/faces/9-image.jpg"
        },
        {
            "id": 10,
            "email": "byron.fields@reqres.in",
            "first_name": "Byron",
            "last_name": "Fields",
            "avatar": "https://reqres.in/img/faces/10-image.jpg"
        },
        {
            "id": 11,
            "email": "george.edwards@reqres.in",
            "first_name": "George",
            "last_name": "Edwards",
            "avatar": "https://reqres.in/img/faces/11-image.jpg"
        },
        {
            "id": 12,
            "email": "rachel.howell@reqres.in",
            "first_name": "Rachel",
            "last_name": "Howell",
            "avatar": "https://reqres.in/img/faces/12-image.jpg"
        }
    ],
    "support": {
        "url": "https://reqres.in/#support-heading",
        "text": "To keep ReqRes free, contributions towards server costs are appreciated!"
    }
}
]]></system-out>
    <system-err><![CDATA[SLF4J: No SLF4J providers were found.
SLF4J: Defaulting to no-operation (NOP) logger implementation
SLF4J: See https://www.slf4j.org/codes.html#noProviders for further details.
]]></system-err>
  </testcase>
  <testcase name="test01" classname="rest.assured.Rest_Assured_Post_Method" time="0.552">
    <system-out><![CDATA[{
  "name": "Muguntha",
  "job": "tester"
}
]]></system-out>
  </testcase>
  <testcase name="test01" classname="rest.assured.Rest_Assured_Put_Method" time="0.537">
    <system-out><![CDATA[Updated json is : {
  "name": "Ramkumar",
  "job": "Engineer"
}
HTTP/1.1 200 OK
Date: Fri, 10 Mar 2023 12:01:35 GMT
Content-Type: application/json; charset=utf-8
Transfer-Encoding: chunked
Connection: keep-alive
X-Powered-By: Express
Access-Control-Allow-Origin: *
Etag: W/"4b-1WDtr3Ywy6FcfDOoaP71aXeRmaw"
Via: 1.1 vegur
CF-Cache-Status: DYNAMIC
Report-To: {"endpoints":[{"url":"https:\/\/a.nel.cloudflare.com\/report\/v3?s=UM3osW9gkIjTr2%2ByrxKdXdkfktxv7mx58IWOjMZokwrq0NaZN5d8Ea9374TCRFkE6bCWPSCn1EA9kL%2FuESCRXnuIKGoix2yyr4xcCe0GpRiw0277b2kjSapANg%3D%3D"}],"group":"cf-nel","max_age":604800}
NEL: {"success_fraction":0,"report_to":"cf-nel","max_age":604800}
Vary: Accept-Encoding
Server: cloudflare
CF-RAY: 7a5b67630bc12e28-BOM
Content-Encoding: gzip

{
    "name": "Ramkumar",
    "job": "Engineer",
    "updatedAt": "2023-03-10T12:01:35.519Z"
}
]]></system-out>
  </testcase>
  <testcase name="test_02" classname="rest.assured.Rest_Assured_All_Methods" time="0.517"/>
  <testcase name="test_03" classname="rest.assured.Rest_Assured_All_Methods" time="0.515"/>
  <testcase name="test01" classname="rest.assured.Rest_Assured_All_Methods" time="0.143">
    <system-out><![CDATA[HTTP/1.1 200 OK
Date: Fri, 10 Mar 2023 12:01:36 GMT
Content-Type: application/json; charset=utf-8
Transfer-Encoding: chunked
Connection: keep-alive
X-Powered-By: Express
Access-Control-Allow-Origin: *
Etag: W/"2c1-N6Rqerxquq2kgQhL51EiSg4x0R8"
Via: 1.1 vegur
Cache-Control: max-age=14400
CF-Cache-Status: HIT
Age: 5897
Report-To: {"endpoints":[{"url":"https:\/\/a.nel.cloudflare.com\/report\/v3?s=72OUQvnnqhQSkNpLeqQaKeYzM9fCed3Pv5ftbz6TqmJLTQClx%2FHhIcjXGe0nL98lm2WpC%2FrqqDZodcvfjiklWh4ZMC4ZhqIggpc%2FCf9KiC6rzPLE8NeJlPBzqA%3D%3D"}],"group":"cf-nel","max_age":604800}
NEL: {"success_fraction":0,"report_to":"cf-nel","max_age":604800}
Vary: Accept-Encoding
Server: cloudflare
CF-RAY: 7a5b676cefd26ebe-BOM
Content-Encoding: gzip

{
    "page": 1,
    "per_page": 6,
    "total": 12,
    "total_pages": 2,
    "data": [
        {
            "id": 1,
            "name": "cerulean",
            "year": 2000,
            "color": "#98B2D1",
            "pantone_value": "15-4020"
        },
        {
            "id": 2,
            "name": "fuchsia rose",
            "year": 2001,
            "color": "#C74375",
            "pantone_value": "17-2031"
        },
        {
            "id": 3,
            "name": "true red",
            "year": 2002,
            "color": "#BF1932",
            "pantone_value": "19-1664"
        },
        {
            "id": 4,
            "name": "aqua sky",
            "year": 2003,
            "color": "#7BC4C4",
            "pantone_value": "14-4811"
        },
        {
            "id": 5,
            "name": "tigerlily",
            "year": 2004,
            "color": "#E2583E",
            "pantone_value": "17-1456"
        },
        {
            "id": 6,
            "name": "blue turquoise",
            "year": 2005,
            "color": "#53B0AE",
            "pantone_value": "15-5217"
        }
    ],
    "support": {
        "url": "https://reqres.in/#support-heading",
        "text": "To keep ReqRes free, contributions towards server costs are appreciated!"
    }
}
]]></system-out>
  </testcase>
</testsuite>