<?xml version="1.0" encoding="UTF-8"?>
<!-- Generated by org.testng.reporters.JUnitXMLReporter -->
<testsuite ignored="0" hostname="KG-GSSL1138" failures="0" tests="3" name="Test4" time="1.173" errors="0" timestamp="2023-03-10T17:31:36 IST">
  <testcase classname="rest.assured.Rest_Assured_All_Methods" name="test_02" time="0.516"/>
  <testcase classname="rest.assured.Rest_Assured_All_Methods" name="test_03" time="0.515"/>
  <testcase classname="rest.assured.Rest_Assured_All_Methods" name="test01" time="0.136"/>
</testsuite> <!-- Test4 -->
